<?xml version="1.0" encoding="UTF-8"?>
<testsuite xmlns:xsi="http://www.w3.org/2001/XMLSchema-instance" xsi:noNamespaceSchemaLocation="https://maven.apache.org/surefire/maven-surefire-plugin/xsd/surefire-test-report-3.0.xsd" version="3.0" name="unicam.spm2023.junit.HelloWorldTest" time="0.105" tests="13" errors="0" skipped="5" failures="0">
  <properties>
[...]
</properties>
  <testcase name="onlyOnWindowsOs" classname="unicam.spm2023.junit.HelloWorldTest" time="0.009">
    <system-err><![CDATA[dic 14, 2023 9:54:20 AM unicam.spm2023.junit.HelloWorldTest setUpBeforeClass
INFO: @BeforeAll - executes once before all test methods in this class
dic 14, 2023 9:54:20 AM unicam.spm2023.junit.HelloWorldTest setUp
INFO: @BeforeEach - executes before each test methods in this class
dic 14, 2023 9:54:20 AM unicam.spm2023.junit.HelloWorldTest tearDown
INFO: @AfterEach - executes after each test methods in this class
]]></system-err>
  </testcase>
  <testcase name="testMain" classname="unicam.spm2023.junit.HelloWorldTest" time="0.0">
    <skipped message="void unicam.spm2023.junit.HelloWorldTest.testMain() is @Disabled"/>
  </testcase>
  <testcase name="testName" classname="unicam.spm2023.junit.HelloWorldTest" time="0.003">
    <system-err><![CDATA[dic 14, 2023 9:54:20 AM unicam.spm2023.junit.HelloWorldTest setUp
INFO: @BeforeEach - executes before each test methods in this class
dic 14, 2023 9:54:20 AM unicam.spm2023.junit.HelloWorldTest tearDown
INFO: @AfterEach - executes after each test methods in this class
]]></system-err>
  </testcase>
  <testcase name="testNumberFizz" classname="unicam.spm2023.junit.HelloWorldTest" time="0.005">
    <system-err><![CDATA[dic 14, 2023 9:54:20 AM unicam.spm2023.junit.HelloWorldTest setUp
INFO: @BeforeEach - executes before each test methods in this class
dic 14, 2023 9:54:20 AM unicam.spm2023.junit.HelloWorldTest tearDown
INFO: @AfterEach - executes after each test methods in this class
]]></system-err>
  </testcase>
  <testcase name="onlyOnLinuxOs" classname="unicam.spm2023.junit.HelloWorldTest" time="0.0">
    <skipped message="Disabled on operating system: Windows 11"/>
  </testcase>
  <testcase name="testWithDisplayNameContainingSpecialCharacters" classname="unicam.spm2023.junit.HelloWorldTest" time="0.002">
    <system-err><![CDATA[dic 14, 2023 9:54:20 AM unicam.spm2023.junit.HelloWorldTest setUp
INFO: @BeforeEach - executes before each test methods in this class
dic 14, 2023 9:54:20 AM unicam.spm2023.junit.HelloWorldTest tearDown
INFO: @AfterEach - executes after each test methods in this class
]]></system-err>
  </testcase>
  <testcase name="failingTest" classname="unicam.spm2023.junit.HelloWorldTest" time="0.0">
    <skipped message="void unicam.spm2023.junit.HelloWorldTest.failingTest() is @Disabled"/>
  </testcase>
  <testcase name="testingTaxCalculation" classname="unicam.spm2023.junit.HelloWorldTest" time="0.003">
    <system-err><![CDATA[dic 14, 2023 9:54:20 AM unicam.spm2023.junit.HelloWorldTest setUp
INFO: @BeforeEach - executes before each test methods in this class
dic 14, 2023 9:54:20 AM unicam.spm2023.junit.HelloWorldTest tearDown
INFO: @AfterEach - executes after each test methods in this class
]]></system-err>
  </testcase>
  <testcase name="testHelloShouldNotReturnNull" classname="unicam.spm2023.junit.HelloWorldTest" time="0.0">
    <skipped message="void unicam.spm2023.junit.HelloWorldTest.testHelloShouldNotReturnNull() is @Disabled"/>
  </testcase>
  <testcase name="testWithDisplayNameContainingSpaces" classname="unicam.spm2023.junit.HelloWorldTest" time="0.002">
    <system-err><![CDATA[dic 14, 2023 9:54:20 AM unicam.spm2023.junit.HelloWorldTest setUp
INFO: @BeforeEach - executes before each test methods in this class
dic 14, 2023 9:54:20 AM unicam.spm2023.junit.HelloWorldTest tearDown
INFO: @AfterEach - executes after each test methods in this class
]]></system-err>
  </testcase>
  <testcase name="testWithDisplayNameContainingEmoji" classname="unicam.spm2023.junit.HelloWorldTest" time="0.002">
    <system-err><![CDATA[dic 14, 2023 9:54:20 AM unicam.spm2023.junit.HelloWorldTest setUp
INFO: @BeforeEach - executes before each test methods in this class
dic 14, 2023 9:54:20 AM unicam.spm2023.junit.HelloWorldTest tearDown
INFO: @AfterEach - executes after each test methods in this class
]]></system-err>
  </testcase>
  <testcase name="onlyOnMacOs" classname="unicam.spm2023.junit.HelloWorldTest" time="0.0">
    <skipped message="Disabled on operating system: Windows 11"/>
  </testcase>
  <testcase name="testNumber" classname="unicam.spm2023.junit.HelloWorldTest" time="0.003">
    <system-err><![CDATA[dic 14, 2023 9:54:20 AM unicam.spm2023.junit.HelloWorldTest setUp
INFO: @BeforeEach - executes before each test methods in this class
dic 14, 2023 9:54:20 AM unicam.spm2023.junit.HelloWorldTest tearDown
INFO: @AfterEach - executes after each test methods in this class
]]></system-err>
  </testcase>
</testsuite>